This file contains any messages produced by compilers while
running configure, to aid debugging if configure makes a mistake.

It was created by configure, which was
generated by GNU Autoconf 2.63.  Invocation command line was

  $ /global/homes/o/orginos/project/qcd_software/nersc/cori/parscalar/../../../src/libxml2/configure --prefix=/global/homes/o/orginos/project/qcd_software/nersc/cori/parscalar/install/libxml2 -host=x86_64-unknown-linux --build=x86_64-suse-linux CC=cc CFLAGS= -O3 -march=haswell -std=gnu99 --disable-shared --without-zlib --without-python --without-readline --without-threads --without-history --without-reader --without-writer --with-output --without-ftp --without-http --without-pattern --without-catalog --without-docbook --without-iconv --without-schemas --without-schematron --without-modules --without-xptr --without-xinclude

## --------- ##
## Platform. ##
## --------- ##

hostname = cori08
uname -m = x86_64
uname -r = 3.12.51-52.39-default
uname -s = Linux
uname -v = #1 SMP Fri Jan 15 20:03:12 UTC 2016 (16f5bac)

/usr/bin/uname -p = x86_64
/bin/uname -X     = unknown

/bin/arch              = x86_64
/usr/bin/arch -k       = unknown
/usr/convex/getsysinfo = unknown
/usr/bin/hostinfo      = unknown
/bin/machine           = unknown
/usr/bin/oslevel       = unknown
/bin/universe          = unknown

PATH: /opt/gcc/5.3.0/bin
PATH: /usr/common/software/darshan/3.0.1/bin
PATH: /usr/common/software/bin
PATH: /usr/common/mss/bin
PATH: /usr/common/nsg/bin
PATH: /opt/cray/pe/mpt/7.4.0/gni/bin
PATH: /opt/cray/rca/1.0.0-6.21/bin
PATH: /opt/cray/alps/6.1.3-17.12/sbin
PATH: /opt/cray/job/1.5.5-3.58/bin
PATH: /opt/cray/pe/pmi/5.0.10-1.0000.11050.0.0.ari/bin
PATH: /opt/cray/pe/craype/2.5.5/bin
PATH: /opt/intel/compilers_and_libraries_2016.3.210/linux/bin/intel64
PATH: /opt/cray/pe/modules/3.2.10.4/bin
PATH: /usr/syscom/nsg/sbin
PATH: /usr/syscom/nsg/bin
PATH: /opt/modules/3.2.6.7/bin
PATH: /global/homes/o/orginos/bin
PATH: /usr/local/bin
PATH: /usr/bin
PATH: /bin
PATH: /usr/bin/X11
PATH: /usr/games
PATH: /usr/lib/mit/bin
PATH: /usr/lib/mit/sbin
PATH: /opt/cray/pe/bin


## ----------- ##
## Core tests. ##
## ----------- ##

configure:2249: checking build system type
configure:2267: result: x86_64-suse-linux-gnu
configure:2289: checking host system type
configure:2304: result: x86_64-unknown-linux-gnu
configure:2369: checking for a BSD-compatible install
configure:2437: result: /usr/bin/install -c
configure:2448: checking whether build environment is sane
configure:2491: result: yes
configure:2553: checking for gawk
configure:2569: found /usr/bin/gawk
configure:2580: result: gawk
configure:2591: checking whether make sets $(MAKE)
configure:2613: result: yes
configure:2689: checking for x86_64-unknown-linux-strip
configure:2719: result: no
configure:2729: checking for strip
configure:2745: found /usr/bin/strip
configure:2756: result: strip
configure:2768: WARNING: using cross tools not prefixed with host triplet
configure:2802: checking for x86_64-unknown-linux-gcc
configure:2829: result: cc
configure:3101: checking for C compiler version
configure:3109: cc --version >&5
icc (ICC) 16.0.3 20160415
Copyright (C) 1985-2016 Intel Corporation.  All rights reserved.

configure:3113: $? = 0
configure:3120: cc -v >&5
icc: warning #10315: specifying -lm before files may supersede the Intel(R) math library and affect performance
icc: warning #10315: specifying -lm before files may supersede the Intel(R) math library and affect performance
icc: warning #10315: specifying -lm before files may supersede the Intel(R) math library and affect performance
icc version 16.0.3 (gcc version 5.3.0 compatibility)
ld    /usr/lib/../lib64/crt1.o /usr/lib/../lib64/crti.o /opt/gcc/5.3.0/snos/lib/gcc/x86_64-suse-linux/5.3.0/crtbeginT.o --build-id -static -m elf_x86_64 -L/opt/cray/pe/mpt/7.4.0/gni/sma/lib64 -L/opt/cray/pe/libsci/16.06.1/INTEL/15.0/x86_64/lib -L/opt/cray/dmapp/default/lib64 -L/opt/cray/pe/mpt/7.4.0/gni/mpich-intel/15.0/lib -L/global/common/cori/software/darshan/3.0.1/lib -L/opt/cray/rca/1.0.0-6.21/lib64 -L/opt/cray/alps/6.1.3-17.12/lib64 -L/opt/cray/xpmem/0.1-4.5/lib64 -L/opt/cray/dmapp/7.1.0-12.37/lib64 -L/opt/cray/pe/pmi/5.0.10-1.0000.11050.0.0.ari/lib64 -L/opt/cray/ugni/6.0.12-2.1/lib64 -L/opt/cray/udreg/2.3.2-4.6/lib64 -L/opt/cray/pe/atp/2.0.2/libApp -L/lib64 -L/opt/cray/wlm_detect/1.1.0-4.2/lib64 -o a.out -L/opt/intel/compilers_and_libraries_2016.3.210/linux/compiler/lib/intel64 -L/opt/intel/compilers_and_libraries_2016.3.210/linux/mkl/lib/intel64 -L/opt/intel/compilers_and_libraries_2016.3.210/linux/compiler/lib/intel64_lin -L/opt/gcc/5.3.0/snos/lib/gcc/x86_64-suse-linux/5.3.0/ -L/opt/gcc/5.3.0/snos/lib/gcc/x86_64-suse-linux/5.3.0/../../../../lib64 -L/opt/gcc/5.3.0/snos/lib/gcc/x86_64-suse-linux/5.3.0/../../../../lib64/ -L/lib/../lib64 -L/lib/../lib64/ -L/usr/lib/../lib64 -L/usr/lib/../lib64/ -L/opt/intel/compilers_and_libraries_2016.3.210/linux/compiler/lib/intel64/ -L/opt/intel/compilers_and_libraries_2016.3.210/linux/mkl/lib/intel64/ -L/opt/gcc/5.3.0/snos/lib/gcc/x86_64-suse-linux/5.3.0/../../../ -L/lib64 -L/lib/ -L/usr/lib64 -L/usr/lib @/global/common/cori/software/darshan/3.0.1/share/ld-opts/darshan-base-ld-opts -lfmpich -lmpichcxx --start-group -ldarshan -ldarshan-stubs --end-group -lz --no-as-needed -lAtpSigHandler -lAtpSigHCommData --undefined=_ATP_Data_Globals --undefined=__atpHandlerInstall -lpthread -lsma -lpmi -ldmapp -lpthread -lsci_intel_mpi -lsci_intel -L/opt/intel/compilers_and_libraries_2016.3.210/linux/compiler/lib/intel64_lin -limf -lm -ldl -lmpich_intel -lrt -lugni -lpthread -lpmi -L/opt/intel/compilers_and_libraries_2016.3.210/linux/compiler/lib/intel64_lin -limf -lm -ldl -lpmi -lpthread -lalpslli -lpthread -lwlm_detect -lalpsutil -lpthread -lrca -lxpmem -lugni -lpthread -ludreg -lsci_intel -L/opt/intel/compilers_and_libraries_2016.3.210/linux/compiler/lib/intel64_lin -limf -lm -ldl --as-needed -limf --no-as-needed --as-needed -lm --no-as-needed --as-needed -lifcore --no-as-needed --as-needed -lifport --no-as-needed --as-needed -lpthread --no-as-needed -limf -lsvml -lirng -lm -lipgo -ldecimal -lgcc -lgcc_eh -lirc -lsvml -lc -lgcc -lgcc_eh -lirc_s -ldl -lc /opt/gcc/5.3.0/snos/lib/gcc/x86_64-suse-linux/5.3.0/crtend.o /usr/lib/../lib64/crtn.o
/opt/intel/compilers_and_libraries_2016.3.210/linux/compiler/lib/intel64/libifcore.a(for_main.o): In function `main':
for_main.c:(.text+0x3e): undefined reference to `MAIN__'

## ---------------- ##
## Cache variables. ##
## ---------------- ##

ac_cv_build=x86_64-suse-linux-gnu
ac_cv_env_CCC_set=
ac_cv_env_CCC_value=
ac_cv_env_CC_set=set
ac_cv_env_CC_value=cc
ac_cv_env_CFLAGS_set=set
ac_cv_env_CFLAGS_value=' -O3 -march=haswell -std=gnu99'
ac_cv_env_CPPFLAGS_set=
ac_cv_env_CPPFLAGS_value=
ac_cv_env_CPP_set=
ac_cv_env_CPP_value=
ac_cv_env_CXXCPP_set=
ac_cv_env_CXXCPP_value=
ac_cv_env_CXXFLAGS_set=
ac_cv_env_CXXFLAGS_value=
ac_cv_env_CXX_set=
ac_cv_env_CXX_value=
ac_cv_env_F77_set=
ac_cv_env_F77_value=
ac_cv_env_FFLAGS_set=
ac_cv_env_FFLAGS_value=
ac_cv_env_LDFLAGS_set=
ac_cv_env_LDFLAGS_value=
ac_cv_env_LIBS_set=
ac_cv_env_LIBS_value=
ac_cv_env_build_alias_set=set
ac_cv_env_build_alias_value=x86_64-suse-linux
ac_cv_env_host_alias_set=set
ac_cv_env_host_alias_value=x86_64-unknown-linux
ac_cv_env_target_alias_set=
ac_cv_env_target_alias_value=
ac_cv_host=x86_64-unknown-linux-gnu
ac_cv_path_install='/usr/bin/install -c'
ac_cv_prog_AWK=gawk
ac_cv_prog_CC=cc
ac_cv_prog_ac_ct_STRIP=strip
ac_cv_prog_make_make_set=yes

## ----------------- ##
## Output variables. ##
## ----------------- ##

ACLOCAL='${SHELL} /global/homes/o/orginos/project/qcd_software/src/libxml2/missing --run aclocal-1.9'
AMDEPBACKSLASH=''
AMDEP_FALSE=''
AMDEP_TRUE=''
AMTAR='${SHELL} /global/homes/o/orginos/project/qcd_software/src/libxml2/missing --run tar'
ANSI2KNR=''
AR=''
AS=''
AUTOCONF='${SHELL} /global/homes/o/orginos/project/qcd_software/src/libxml2/missing --run autoconf'
AUTOHEADER='${SHELL} /global/homes/o/orginos/project/qcd_software/src/libxml2/missing --run autoheader'
AUTOMAKE='${SHELL} /global/homes/o/orginos/project/qcd_software/src/libxml2/missing --run automake-1.9'
AWK='gawk'
BASE_THREAD_LIBS=''
C14N_OBJ=''
CATALOG_OBJ=''
CC='cc'
CCDEPMODE=''
CFLAGS=' -O3 -march=haswell -std=gnu99'
CPP=''
CPPFLAGS=''
CXX=''
CXXCPP=''
CXXDEPMODE=''
CXXFLAGS=''
CYGPATH_W='echo'
CYGWIN_EXTRA_LDFLAGS=''
CYGWIN_EXTRA_PYTHON_LIBADD=''
DEBUG_OBJ=''
DEFS=''
DEPDIR=''
DLLTOOL=''
DOCB_OBJ=''
ECHO='echo'
ECHO_C=''
ECHO_N='-n'
ECHO_T=''
EGREP=''
EXEEXT=''
F77=''
FFLAGS=''
FTP_OBJ=''
GREP=''
HAVE_ISINF=''
HAVE_ISNAN=''
HTML_DIR=''
HTML_OBJ=''
HTTP_OBJ=''
ICONV_LIBS=''
INSTALL_DATA='${INSTALL} -m 644'
INSTALL_PROGRAM='${INSTALL}'
INSTALL_SCRIPT='${INSTALL}'
INSTALL_STRIP_PROGRAM='${SHELL} $(install_sh) -c -s'
LDFLAGS=''
LIBOBJS=''
LIBS=''
LIBTOOL=''
LIBXML_MAJOR_VERSION='2'
LIBXML_MICRO_VERSION='24'
LIBXML_MINOR_VERSION='6'
LIBXML_VERSION='2.6.24'
LIBXML_VERSION_EXTRA=''
LIBXML_VERSION_INFO='8:24:6'
LIBXML_VERSION_NUMBER='20624'
LN_S=''
LTLIBOBJS=''
MAKEINFO='${SHELL} /global/homes/o/orginos/project/qcd_software/src/libxml2/missing --run makeinfo'
MODULE_EXTENSION=''
MODULE_PLATFORM_LIBS=''
MV=''
M_LIBS=''
OBJDUMP=''
OBJEXT=''
PACKAGE='libxml2'
PACKAGE_BUGREPORT=''
PACKAGE_NAME=''
PACKAGE_STRING=''
PACKAGE_TARNAME=''
PACKAGE_VERSION=''
PATH_SEPARATOR=':'
PERL=''
PYTHON=''
PYTHON_INCLUDES=''
PYTHON_SITE_PACKAGES=''
PYTHON_SUBDIR=''
PYTHON_TESTS=''
PYTHON_VERSION=''
RANLIB=''
RDL_LIBS=''
READER_TEST=''
RELDATE=''
RM=''
SED=''
SET_MAKE=''
SHELL='/bin/sh'
STATIC_BINARIES=''
STRIP='strip'
TAR=''
TEST_C14N=''
TEST_CATALOG=''
TEST_DEBUG=''
TEST_HTML=''
TEST_MODULES=''
TEST_PATTERN=''
TEST_PHTML=''
TEST_PUSH=''
TEST_REGEXPS=''
TEST_SAX=''
TEST_SCHEMAS=''
TEST_SCHEMATRON=''
TEST_THREADS=''
TEST_VALID=''
TEST_VTIME=''
TEST_XINCLUDE=''
TEST_XPATH=''
TEST_XPTR=''
THREADS_W32=''
THREAD_CFLAGS=''
THREAD_LIBS=''
U=''
VERSION='2.6.24'
WIN32_EXTRA_LDFLAGS=''
WIN32_EXTRA_LIBADD=''
WITH_C14N=''
WITH_CATALOG=''
WITH_DEBUG=''
WITH_DOCB=''
WITH_FTP=''
WITH_HTML=''
WITH_HTTP=''
WITH_ICONV=''
WITH_ISO8859X=''
WITH_LEGACY=''
WITH_MEM_DEBUG=''
WITH_MODULES=''
WITH_OUTPUT=''
WITH_PATTERN=''
WITH_PUSH=''
WITH_PYTHON_FALSE=''
WITH_PYTHON_TRUE=''
WITH_READER=''
WITH_REGEXPS=''
WITH_RUN_DEBUG=''
WITH_SAX1=''
WITH_SCHEMAS=''
WITH_SCHEMATRON=''
WITH_THREADS=''
WITH_TREE=''
WITH_TRIO=''
WITH_TRIO_SOURCES_FALSE=''
WITH_TRIO_SOURCES_TRUE=''
WITH_VALID=''
WITH_WRITER=''
WITH_XINCLUDE=''
WITH_XPATH=''
WITH_XPTR=''
XINCLUDE_OBJ=''
XMLLINT=''
XML_CFLAGS=''
XML_INCLUDEDIR=''
XML_LIBDIR=''
XML_LIBS=''
XML_LIBTOOLLIBS=''
XPATH_OBJ=''
XPTR_OBJ=''
XSLTPROC=''
Z_CFLAGS=''
Z_LIBS=''
ac_ct_CC=''
ac_ct_CXX=''
ac_ct_F77=''
am__fastdepCC_FALSE=''
am__fastdepCC_TRUE=''
am__fastdepCXX_FALSE=''
am__fastdepCXX_TRUE=''
am__include=''
am__leading_dot='.'
am__quote=''
am__tar='${AMTAR} chof - "$$tardir"'
am__untar='${AMTAR} xf -'
bindir='${exec_prefix}/bin'
build='x86_64-suse-linux-gnu'
build_alias='x86_64-suse-linux'
build_cpu='x86_64'
build_os='linux-gnu'
build_vendor='suse'
datadir='${datarootdir}'
datarootdir='${prefix}/share'
docdir='${datarootdir}/doc/${PACKAGE}'
dvidir='${docdir}'
exec_prefix='NONE'
host='x86_64-unknown-linux-gnu'
host_alias='x86_64-unknown-linux'
host_cpu='x86_64'
host_os='linux-gnu'
host_vendor='unknown'
htmldir='${docdir}'
includedir='${prefix}/include'
infodir='${datarootdir}/info'
install_sh='/global/homes/o/orginos/project/qcd_software/src/libxml2/install-sh'
libdir='${exec_prefix}/lib'
libexecdir='${exec_prefix}/libexec'
localedir='${datarootdir}/locale'
localstatedir='${prefix}/var'
mandir='${datarootdir}/man'
mkdir_p='mkdir -p --'
oldincludedir='/usr/include'
pdfdir='${docdir}'
prefix='/global/homes/o/orginos/project/qcd_software/nersc/cori/parscalar/install/libxml2'
program_transform_name='s,x,x,'
psdir='${docdir}'
pythondir=''
sbindir='${exec_prefix}/sbin'
sharedstatedir='${prefix}/com'
sysconfdir='${prefix}/etc'
target_alias=''

## ----------- ##
## confdefs.h. ##
## ----------- ##

#define PACKAGE_NAME ""
#define PACKAGE_TARNAME ""
#define PACKAGE_VERSION ""
#define PACKAGE_STRING ""
#define PACKAGE_BUGREPORT ""
#define PACKAGE "libxml2"
#define VERSION "2.6.24"

configure: caught signal 2
configure: exit 1
